<?xml version="1.0" encoding="UTF-8"?>
<!-- Generated by org.testng.reporters.JUnitReportReporter -->
<testsuite hostname="LAPTOP-8S0BO9P4" failures="0" tests="1" name="co.irctc.hotels.Main" time="29.831" errors="0" timestamp="2024-01-13T00:38:34 IST" skipped="0">
  <testcase classname="co.irctc.hotels.Main" name="main" time="29.831"/>
  <system-out/>
</testsuite> <!-- co.irctc.hotels.Main -->
